[18:18:14] [main/INFO] (FabricLoader/GameProvider) Loading Minecraft 1.21.4 with Fabric Loader 0.16.9
[18:18:15] [main/INFO] (FabricLoader) Loading 56 mods:
	- deimos 1.21.4-1-fabric
	- fabric-api 0.112.2+1.21.4
	- fabric-api-base 0.4.54+b47eab6b04
	- fabric-api-lookup-api-v1 1.6.86+b1caf1e904
	- fabric-biome-api-v1 15.0.5+b1caf1e904
	- fabric-block-api-v1 1.0.31+7feeb73304
	- fabric-block-view-api-v2 1.0.19+7feeb73304
	- fabric-blockrenderlayer-v1 2.0.8+7feeb73304
	- fabric-client-gametest-api-v1 1.0.1+b3e1e3dd04
	- fabric-client-tags-api-v1 1.1.29+20ea1e2304
	- fabric-command-api-v1 1.2.62+f71b366f04
	- fabric-command-api-v2 2.2.41+e496eb1504
	- fabric-commands-v0 0.2.79+df3654b304
	- fabric-content-registries-v0 9.1.14+7feeb73304
	- fabric-convention-tags-v1 2.1.9+7f945d5b04
	- fabric-convention-tags-v2 2.9.9+3d1fb53904
	- fabric-crash-report-info-v1 0.3.6+7feeb73304
	- fabric-data-attachment-api-v1 1.4.6+9aea556b04
	- fabric-data-generation-api-v1 22.2.2+20ea1e2304
	- fabric-dimensions-v1 4.0.10+7feeb73304
	- fabric-entity-events-v1 2.0.12+60fccc7604
	- fabric-events-interaction-v0 4.0.2+a4eebcf004
	- fabric-game-rule-api-v1 1.0.62+7feeb73304
	- fabric-gametest-api-v1 2.0.21+7feeb73304
	- fabric-item-api-v1 11.1.14+203e6b2304
	- fabric-item-group-api-v1 4.1.23+7feeb73304
	- fabric-key-binding-api-v1 1.0.56+7feeb73304
	- fabric-keybindings-v0 0.2.54+df3654b304
	- fabric-lifecycle-events-v1 2.5.4+bf2a60eb04
	- fabric-loot-api-v2 3.0.33+3f89f5a504
	- fabric-loot-api-v3 1.0.21+203e6b2304
	- fabric-message-api-v1 6.0.25+7feeb73304
	- fabric-model-loading-api-v1 4.1.1+7b6b225304
	- fabric-networking-api-v1 4.3.9+cc0fa2fe04
	- fabric-object-builder-api-v1 18.0.8+d70d2c0604
	- fabric-particles-v1 4.0.14+7feeb73304
	- fabric-recipe-api-v1 8.0.5+b1caf1e904
	- fabric-registry-sync-v0 6.1.2+3d1fb53904
	- fabric-renderer-api-v1 5.0.2+84404cdd04
	- fabric-renderer-indigo 2.0.2+84404cdd04
	- fabric-rendering-data-attachment-v1 0.3.57+73761d2e04
	- fabric-rendering-fluids-v1 3.1.19+7feeb73304
	- fabric-rendering-v1 10.1.2+b874120c04
	- fabric-resource-conditions-api-v1 5.0.13+203e6b2304
	- fabric-resource-loader-v0 3.0.11+b1caf1e904
	- fabric-screen-api-v1 2.0.38+7feeb73304
	- fabric-screen-handler-api-v1 1.3.109+7feeb73304
	- fabric-sound-api-v1 1.0.32+7feeb73304
	- fabric-tag-api-v1 1.0.2+20ea1e2304
	- fabric-transfer-api-v1 5.4.8+b1caf1e904
	- fabric-transitive-access-wideners-v1 6.3.2+56e78b9b04
	- fabricloader 0.16.9
	- java 21
	- minecraft 1.21.4
	- mixinextras 0.4.1
	- slabstoblocks 2
[18:18:15] [main/INFO] (FabricLoader/Mixin) SpongePowered MIXIN Subsystem Version=0.8.7 Source=file:/C:/Users/Matej/.gradle/caches/modules-2/files-2.1/net.fabricmc/sponge-mixin/0.15.4+mixin.0.8.7/6a12aacc794f1078458433116e9ed42c1cc98096/sponge-mixin-0.15.4+mixin.0.8.7.jar Service=Knot/Fabric Env=CLIENT
[18:18:15] [main/INFO] (FabricLoader/Mixin) Loaded Fabric development mappings for mixin remapper!
[18:18:15] [main/INFO] (FabricLoader/Mixin) Compatibility level set to JAVA_21
[18:18:16] [main/INFO] (FabricLoader/MixinExtras|Service) Initializing MixinExtras via com.llamalad7.mixinextras.service.MixinExtrasServiceImpl(version=0.4.1).
[18:18:17] [Datafixer Bootstrap/INFO] (Minecraft) 243 Datafixer optimizations took 499 milliseconds
[18:18:21] [Render thread/INFO] (Minecraft) Environment: Environment[sessionHost=https://sessionserver.mojang.com, servicesHost=https://api.minecraftservices.com, name=PROD]
[18:18:21] [Render thread/INFO] (Minecraft) Setting user: Player943
[18:18:21] [Render thread/INFO] (Craft Slabs Back Into Blocks) Hello Fabric world!
[18:18:21] [Render thread/INFO] (Indigo) [Indigo] Registering Indigo renderer!
[18:18:21] [Render thread/INFO] (Minecraft) Backend library: LWJGL version 3.3.3-snapshot
[18:18:22] [Render thread/INFO] (Minecraft) Reloading ResourceManager: vanilla, fabric, deimos, fabric-api, fabric-api-base, fabric-api-lookup-api-v1, fabric-biome-api-v1, fabric-block-api-v1, fabric-block-view-api-v2, fabric-blockrenderlayer-v1, fabric-client-gametest-api-v1, fabric-client-tags-api-v1, fabric-command-api-v1, fabric-command-api-v2, fabric-commands-v0, fabric-content-registries-v0, fabric-convention-tags-v1, fabric-convention-tags-v2, fabric-crash-report-info-v1, fabric-data-attachment-api-v1, fabric-data-generation-api-v1, fabric-dimensions-v1, fabric-entity-events-v1, fabric-events-interaction-v0, fabric-game-rule-api-v1, fabric-gametest-api-v1, fabric-item-api-v1, fabric-item-group-api-v1, fabric-key-binding-api-v1, fabric-keybindings-v0, fabric-lifecycle-events-v1, fabric-loot-api-v2, fabric-loot-api-v3, fabric-message-api-v1, fabric-model-loading-api-v1, fabric-networking-api-v1, fabric-object-builder-api-v1, fabric-particles-v1, fabric-recipe-api-v1, fabric-registry-sync-v0, fabric-renderer-api-v1, fabric-renderer-indigo, fabric-rendering-data-attachment-v1, fabric-rendering-fluids-v1, fabric-rendering-v1, fabric-resource-conditions-api-v1, fabric-resource-loader-v0, fabric-screen-api-v1, fabric-screen-handler-api-v1, fabric-sound-api-v1, fabric-tag-api-v1, fabric-transfer-api-v1, fabric-transitive-access-wideners-v1, fabricloader
[18:18:22] [Worker-Main-6/INFO] (Minecraft) Found unifont_jp_patch-16.0.01.hex, loading
[18:18:22] [Worker-Main-3/INFO] (Minecraft) Found unifont_all_no_pua-16.0.01.hex, loading
[18:18:22] [Render thread/INFO] (Craft Slabs Back Into Blocks) This line is printed by the Craft Slabs Back Into Blocks common mixin!
[18:18:22] [Render thread/INFO] (Craft Slabs Back Into Blocks) MC Version: Fabric
[18:18:23] [Render thread/INFO] (Minecraft) OpenAL initialized on device OpenAL Soft on Sluchátka (HyperX Cloud Alpha Wireless)
[18:18:23] [Render thread/INFO] (Minecraft) Sound engine started
[18:18:23] [Render thread/INFO] (Minecraft) Created: 1024x512x4 minecraft:textures/atlas/blocks.png-atlas
[18:18:23] [Render thread/INFO] (Minecraft) Created: 256x256x4 minecraft:textures/atlas/signs.png-atlas
[18:18:23] [Render thread/INFO] (Minecraft) Created: 512x512x4 minecraft:textures/atlas/shield_patterns.png-atlas
[18:18:23] [Render thread/INFO] (Minecraft) Created: 512x512x4 minecraft:textures/atlas/banner_patterns.png-atlas
[18:18:23] [Render thread/INFO] (Minecraft) Created: 2048x1024x4 minecraft:textures/atlas/armor_trims.png-atlas
[18:18:23] [Render thread/INFO] (Minecraft) Created: 128x64x4 minecraft:textures/atlas/decorated_pot.png-atlas
[18:18:23] [Render thread/INFO] (Minecraft) Created: 256x256x4 minecraft:textures/atlas/chest.png-atlas
[18:18:23] [Render thread/INFO] (Minecraft) Created: 512x256x4 minecraft:textures/atlas/shulker_boxes.png-atlas
[18:18:23] [Render thread/INFO] (Minecraft) Created: 512x256x4 minecraft:textures/atlas/beds.png-atlas
[18:18:23] [Render thread/INFO] (Minecraft) Created: 64x64x0 minecraft:textures/atlas/map_decorations.png-atlas
[18:18:23] [Render thread/INFO] (Minecraft) Created: 512x256x0 minecraft:textures/atlas/particles.png-atlas
[18:18:23] [Render thread/INFO] (Minecraft) Created: 512x256x0 minecraft:textures/atlas/paintings.png-atlas
[18:18:23] [Render thread/INFO] (Minecraft) Created: 256x128x0 minecraft:textures/atlas/mob_effects.png-atlas
[18:18:23] [Render thread/INFO] (Minecraft) Created: 1024x512x0 minecraft:textures/atlas/gui.png-atlas
[18:18:23] [Render thread/INFO] (Craft Slabs Back Into Blocks) This line is printed by the Craft Slabs Back Into Blocks mixin from Fabric!
[18:18:23] [Render thread/INFO] (Craft Slabs Back Into Blocks) MC Version: Fabric
[18:18:23] [Render thread/INFO] (Craft Slabs Back Into Blocks) This line is printed by the Craft Slabs Back Into Blocks mixin from Fabric!
[18:18:23] [Render thread/INFO] (Craft Slabs Back Into Blocks) MC Version: Fabric
[18:23:26] [Worker-Main-15/ERROR] (Minecraft) Exception reading D:\Minecraft\Mods\MultiLoader\slabstoblocks\fabric\runs\client\saves\New World\level.dat
java.io.EOFException: null
	at java.base/java.util.zip.GZIPInputStream.readUByte(GZIPInputStream.java:279) ~[?:?]
	at java.base/java.util.zip.GZIPInputStream.readUShort(GZIPInputStream.java:269) ~[?:?]
	at java.base/java.util.zip.GZIPInputStream.readHeader(GZIPInputStream.java:175) ~[?:?]
	at java.base/java.util.zip.GZIPInputStream.<init>(GZIPInputStream.java:79) ~[?:?]
	at java.base/java.util.zip.GZIPInputStream.<init>(GZIPInputStream.java:91) ~[?:?]
	at knot/net.minecraft.nbt.NbtIo.createDecompressorStream(NbtIo.java:42) ~[minecraft-merged-abba00472f-1.21.4-loom.mappings.1_21_4.layered+hash.2028763108-v2.jar:?]
	at knot/net.minecraft.nbt.NbtIo.parseCompressed(NbtIo.java:65) ~[minecraft-merged-abba00472f-1.21.4-loom.mappings.1_21_4.layered+hash.2028763108-v2.jar:?]
	at knot/net.minecraft.nbt.NbtIo.parseCompressed(NbtIo.java:60) ~[minecraft-merged-abba00472f-1.21.4-loom.mappings.1_21_4.layered+hash.2028763108-v2.jar:?]
	at knot/net.minecraft.world.level.storage.LevelStorageSource.readLightweightData(LevelStorageSource.java:312) ~[minecraft-merged-abba00472f-1.21.4-loom.mappings.1_21_4.layered+hash.2028763108-v2.jar:?]
	at knot/net.minecraft.world.level.storage.LevelStorageSource.readLevelSummary(LevelStorageSource.java:248) ~[minecraft-merged-abba00472f-1.21.4-loom.mappings.1_21_4.layered+hash.2028763108-v2.jar:?]
	at knot/net.minecraft.world.level.storage.LevelStorageSource.method_43418(LevelStorageSource.java:179) ~[minecraft-merged-abba00472f-1.21.4-loom.mappings.1_21_4.layered+hash.2028763108-v2.jar:?]
	at java.base/java.util.concurrent.CompletableFuture$AsyncSupply.run(CompletableFuture.java:1768) [?:?]
	at java.base/java.util.concurrent.CompletableFuture$AsyncSupply.exec(CompletableFuture.java:1760) [?:?]
	at java.base/java.util.concurrent.ForkJoinTask.doExec(ForkJoinTask.java:387) [?:?]
	at java.base/java.util.concurrent.ForkJoinPool$WorkQueue.topLevelExec(ForkJoinPool.java:1312) [?:?]
	at java.base/java.util.concurrent.ForkJoinPool.scan(ForkJoinPool.java:1843) [?:?]
	at java.base/java.util.concurrent.ForkJoinPool.runWorker(ForkJoinPool.java:1808) [?:?]
	at java.base/java.util.concurrent.ForkJoinWorkerThread.run(ForkJoinWorkerThread.java:188) [?:?]
[18:23:26] [Render thread/ERROR] (Minecraft) Invalid icon for world New World
java.io.IOException: Could not load image: Corrupt PNG
	at knot/com.mojang.blaze3d.platform.NativeImage.read(NativeImage.java:166) ~[minecraft-merged-abba00472f-1.21.4-loom.mappings.1_21_4.layered+hash.2028763108-v2.jar:?]
	at knot/com.mojang.blaze3d.platform.NativeImage.read(NativeImage.java:113) ~[minecraft-merged-abba00472f-1.21.4-loom.mappings.1_21_4.layered+hash.2028763108-v2.jar:?]
	at knot/com.mojang.blaze3d.platform.NativeImage.read(NativeImage.java:104) ~[minecraft-merged-abba00472f-1.21.4-loom.mappings.1_21_4.layered+hash.2028763108-v2.jar:?]
	at knot/net.minecraft.client.gui.screens.worldselection.WorldSelectionList$WorldListEntry.loadIcon(WorldSelectionList.java:547) ~[minecraft-merged-abba00472f-1.21.4-loom.mappings.1_21_4.layered+hash.2028763108-v2.jar:?]
	at knot/net.minecraft.client.gui.screens.worldselection.WorldSelectionList$WorldListEntry.<init>(WorldSelectionList.java:284) ~[minecraft-merged-abba00472f-1.21.4-loom.mappings.1_21_4.layered+hash.2028763108-v2.jar:?]
	at knot/net.minecraft.client.gui.screens.worldselection.WorldSelectionList.fillLevels(WorldSelectionList.java:199) ~[minecraft-merged-abba00472f-1.21.4-loom.mappings.1_21_4.layered+hash.2028763108-v2.jar:?]
	at knot/net.minecraft.client.gui.screens.worldselection.WorldSelectionList.handleNewLevels(WorldSelectionList.java:160) ~[minecraft-merged-abba00472f-1.21.4-loom.mappings.1_21_4.layered+hash.2028763108-v2.jar:?]
	at knot/net.minecraft.client.gui.screens.worldselection.WorldSelectionList.renderWidget(WorldSelectionList.java:151) ~[minecraft-merged-abba00472f-1.21.4-loom.mappings.1_21_4.layered+hash.2028763108-v2.jar:?]
	at knot/net.minecraft.client.gui.components.AbstractWidget.render(AbstractWidget.java:66) ~[minecraft-merged-abba00472f-1.21.4-loom.mappings.1_21_4.layered+hash.2028763108-v2.jar:?]
	at knot/net.minecraft.client.gui.screens.Screen.render(Screen.java:127) ~[minecraft-merged-abba00472f-1.21.4-loom.mappings.1_21_4.layered+hash.2028763108-v2.jar:?]
	at knot/net.minecraft.client.gui.screens.worldselection.SelectWorldScreen.render(SelectWorldScreen.java:96) ~[minecraft-merged-abba00472f-1.21.4-loom.mappings.1_21_4.layered+hash.2028763108-v2.jar:?]
	at knot/net.minecraft.client.gui.screens.Screen.renderWithTooltip(Screen.java:116) ~[minecraft-merged-abba00472f-1.21.4-loom.mappings.1_21_4.layered+hash.2028763108-v2.jar:?]
	at knot/net.minecraft.client.renderer.GameRenderer.mixinextras$bridge$renderWithTooltip$51(GameRenderer.java) ~[minecraft-merged-abba00472f-1.21.4-loom.mappings.1_21_4.layered+hash.2028763108-v2.jar:?]
	at knot/net.minecraft.client.renderer.GameRenderer.wrapOperation$zmc000$fabric-screen-api-v1$onRenderScreen(GameRenderer.java:914) [minecraft-merged-abba00472f-1.21.4-loom.mappings.1_21_4.layered+hash.2028763108-v2.jar:?]
	at knot/net.minecraft.client.renderer.GameRenderer.render(GameRenderer.java:551) [minecraft-merged-abba00472f-1.21.4-loom.mappings.1_21_4.layered+hash.2028763108-v2.jar:?]
	at knot/net.minecraft.client.Minecraft.runTick(Minecraft.java:1341) [minecraft-merged-abba00472f-1.21.4-loom.mappings.1_21_4.layered+hash.2028763108-v2.jar:?]
	at knot/net.minecraft.client.Minecraft.run(Minecraft.java:922) [minecraft-merged-abba00472f-1.21.4-loom.mappings.1_21_4.layered+hash.2028763108-v2.jar:?]
	at knot/net.minecraft.client.main.Main.main(Main.java:267) [minecraft-merged-abba00472f-1.21.4-loom.mappings.1_21_4.layered+hash.2028763108-v2.jar:?]
	at net.fabricmc.loader.impl.game.minecraft.MinecraftGameProvider.launch(MinecraftGameProvider.java:480) [fabric-loader-0.16.9.jar:?]
	at net.fabricmc.loader.impl.launch.knot.Knot.launch(Knot.java:74) [fabric-loader-0.16.9.jar:?]
	at net.fabricmc.loader.impl.launch.knot.KnotClient.main(KnotClient.java:23) [fabric-loader-0.16.9.jar:?]
	at net.fabricmc.devlaunchinjector.Main.main(Main.java:86) [dev-launch-injector-0.2.1+build.8.jar:?]
[18:23:27] [Render thread/INFO] (Minecraft) Loaded 1431 recipes
[18:23:27] [Render thread/INFO] (Minecraft) Loaded 1481 advancements
[18:23:27] [Render thread/INFO] (BiomeModificationImpl) Applied 0 biome modifications to 0 of 65 new biomes in 964.2 μs
[18:23:27] [Server thread/INFO] (Minecraft) Starting integrated minecraft server version 1.21.4
[18:23:27] [Server thread/INFO] (Minecraft) Generating keypair
[18:23:28] [Server thread/INFO] (Minecraft) Preparing start region for dimension minecraft:overworld
[18:23:28] [Render thread/INFO] (Minecraft) Preparing spawn area: 0%
[18:23:28] [Render thread/INFO] (Minecraft) Preparing spawn area: 10%
[18:23:28] [Render thread/INFO] (Minecraft) Time elapsed: 587 ms
[18:23:28] [Server thread/INFO] (Minecraft) Changing view distance to 12, from 10
[18:23:28] [Server thread/INFO] (Minecraft) Changing simulation distance to 12, from 0
[18:23:29] [Server thread/INFO] (Minecraft) Player943[local:E:5e22e550] logged in with entity id 53 at (0.8412982197672032, 79.0, -2.0092117736708626)
[18:23:29] [Server thread/INFO] (Minecraft) Player943 joined the game
[18:23:29] [Render thread/INFO] (Minecraft) Loaded 27 advancements
